0 info it worked if it ends with ok
1 verbose cli [ 'C:\\Program Files\\nodejs\\node.exe',
1 verbose cli   'C:\\Program Files\\nodejs\\node_modules\\npm\\bin\\npm-cli.js',
1 verbose cli   'start' ]
2 info using npm@3.10.10
3 info using node@v6.9.4
4 warn invalid config https-proxy=""
5 warn invalid config Must be a full url with 'http://'
6 verbose run-script [ 'prestart', 'start', 'poststart' ]
7 info lifecycle angular-seed@0.0.0~prestart: angular-seed@0.0.0
8 verbose lifecycle angular-seed@0.0.0~prestart: unsafe-perm in lifecycle true
9 verbose lifecycle angular-seed@0.0.0~prestart: PATH: C:\Program Files\nodejs\node_modules\npm\bin\node-gyp-bin;C:\Users\steinrue\Projects\Projects\costAdministrationAngular\node_modules\.bin;C:\Oracle\Win32\product\11.2.0\client_2\bin;C:\Oracle\Win32\product\11.2.0\client_1\bin;C:\ProgramData\Oracle\Java\javapath;C:\windows\system32;C:\windows;C:\windows\System32\Wbem;C:\windows\System32\WindowsPowerShell\v1.0\;C:\Program Files\Git\cmd;C:\Program Files\Git\mingw64\bin;C:\Program Files\Git\usr\bin;C:\Program Files\nodejs\;C:\Program Files (x86)\Brackets\command;C:\Program Files (x86)\LyX 2.2\Perl\bin;C:\windows\system32\config\systemprofile\.dnx\bin;C:\Program Files\Microsoft DNX\Dnvm\;C:\Program Files (x86)\Windows Kits\8.1\Windows Performance Toolkit\;C:\Program Files\Microsoft SQL Server\120\Tools\Binn\;C:\Program Files\Microsoft SQL Server\130\Tools\Binn\;C:\Program Files (x86)\Microsoft Emulator Manager\1.0\;C:\Program Files (x86)\Hewlett-Packard\HP Records Manager\;C:\Users\steinrue\AppData\Local\atom\bin;C:\texlive\2016\bin\win32;C:\Users\steinrue\AppData\Roaming\npm;C:\Program Files (x86)\Microsoft VS Code\bin
10 verbose lifecycle angular-seed@0.0.0~prestart: CWD: C:\Users\steinrue\Projects\Projects\costAdministrationAngular
11 silly lifecycle angular-seed@0.0.0~prestart: Args: [ '/d /s /c', 'npm install' ]
12 silly lifecycle angular-seed@0.0.0~prestart: Returned: code: 0  signal: null
13 info lifecycle angular-seed@0.0.0~start: angular-seed@0.0.0
14 verbose lifecycle angular-seed@0.0.0~start: unsafe-perm in lifecycle true
15 verbose lifecycle angular-seed@0.0.0~start: PATH: C:\Program Files\nodejs\node_modules\npm\bin\node-gyp-bin;C:\Users\steinrue\Projects\Projects\costAdministrationAngular\node_modules\.bin;C:\Oracle\Win32\product\11.2.0\client_2\bin;C:\Oracle\Win32\product\11.2.0\client_1\bin;C:\ProgramData\Oracle\Java\javapath;C:\windows\system32;C:\windows;C:\windows\System32\Wbem;C:\windows\System32\WindowsPowerShell\v1.0\;C:\Program Files\Git\cmd;C:\Program Files\Git\mingw64\bin;C:\Program Files\Git\usr\bin;C:\Program Files\nodejs\;C:\Program Files (x86)\Brackets\command;C:\Program Files (x86)\LyX 2.2\Perl\bin;C:\windows\system32\config\systemprofile\.dnx\bin;C:\Program Files\Microsoft DNX\Dnvm\;C:\Program Files (x86)\Windows Kits\8.1\Windows Performance Toolkit\;C:\Program Files\Microsoft SQL Server\120\Tools\Binn\;C:\Program Files\Microsoft SQL Server\130\Tools\Binn\;C:\Program Files (x86)\Microsoft Emulator Manager\1.0\;C:\Program Files (x86)\Hewlett-Packard\HP Records Manager\;C:\Users\steinrue\AppData\Local\atom\bin;C:\texlive\2016\bin\win32;C:\Users\steinrue\AppData\Roaming\npm;C:\Program Files (x86)\Microsoft VS Code\bin
16 verbose lifecycle angular-seed@0.0.0~start: CWD: C:\Users\steinrue\Projects\Projects\costAdministrationAngular
17 silly lifecycle angular-seed@0.0.0~start: Args: [ '/d /s /c', 'http-server -a localhost -p 8000 -c-1 ./app' ]
18 silly lifecycle angular-seed@0.0.0~start: Returned: code: 1  signal: null
19 info lifecycle angular-seed@0.0.0~start: Failed to exec start script
20 verbose stack Error: angular-seed@0.0.0 start: `http-server -a localhost -p 8000 -c-1 ./app`
20 verbose stack Exit status 1
20 verbose stack     at EventEmitter.<anonymous> (C:\Program Files\nodejs\node_modules\npm\lib\utils\lifecycle.js:255:16)
20 verbose stack     at emitTwo (events.js:106:13)
20 verbose stack     at EventEmitter.emit (events.js:191:7)
20 verbose stack     at ChildProcess.<anonymous> (C:\Program Files\nodejs\node_modules\npm\lib\utils\spawn.js:40:14)
20 verbose stack     at emitTwo (events.js:106:13)
20 verbose stack     at ChildProcess.emit (events.js:191:7)
20 verbose stack     at maybeClose (internal/child_process.js:877:16)
20 verbose stack     at Process.ChildProcess._handle.onexit (internal/child_process.js:226:5)
21 verbose pkgid angular-seed@0.0.0
22 verbose cwd C:\Users\steinrue\Projects\Projects\costAdministrationAngular
23 error Windows_NT 10.0.10586
24 error argv "C:\\Program Files\\nodejs\\node.exe" "C:\\Program Files\\nodejs\\node_modules\\npm\\bin\\npm-cli.js" "start"
25 error node v6.9.4
26 error npm  v3.10.10
27 error code ELIFECYCLE
28 error angular-seed@0.0.0 start: `http-server -a localhost -p 8000 -c-1 ./app`
28 error Exit status 1
29 error Failed at the angular-seed@0.0.0 start script 'http-server -a localhost -p 8000 -c-1 ./app'.
29 error Make sure you have the latest version of node.js and npm installed.
29 error If you do, this is most likely a problem with the angular-seed package,
29 error not with npm itself.
29 error Tell the author that this fails on your system:
29 error     http-server -a localhost -p 8000 -c-1 ./app
29 error You can get information on how to open an issue for this project with:
29 error     npm bugs angular-seed
29 error Or if that isn't available, you can get their info via:
29 error     npm owner ls angular-seed
29 error There is likely additional logging output above.
30 verbose exit [ 1, true ]
